<?xml version="1.0" encoding="UTF-8"?>
<testng-results ignored="0" total="0" passed="0" failed="0" skipped="0">
  <reporter-output>
  </reporter-output>
  <suite started-at="2022-06-06T16:18:51 CEST" name="Surefire suite" finished-at="2022-06-06T16:18:52 CEST" duration-ms="938">
    <groups>
    </groups>
    <test started-at="2022-06-06T16:18:51 CEST" name="Surefire test" finished-at="2022-06-06T16:18:52 CEST" duration-ms="938">
    </test> <!-- Surefire test -->
  </suite> <!-- Surefire suite -->
</testng-results>
