<?xml version="1.0" encoding="UTF-8"?>
<!-- Generated by org.testng.reporters.JUnitXMLReporter -->
<testsuite ignored="0" hostname="MacBook-Pro-de-bamba.local" failures="0" tests="5" name="Surefire test" time="0.172" errors="0" timestamp="2022-06-06T16:18:50 CEST">
  <testcase classname="com.bdia.tests.BaseTest" name="@BeforeMethod setup" time="-1.654525130536E9">
    <failure type="org.testng.TestNGException" message="
Can inject only one of &amp;lt;ITestContext, XmlTest, Method, Object[], ITestResult&amp;gt; into a @BeforeMethod annotated setup.
For more information on native dependency injection please refer to https://testng.org/doc/documentation-main.html#native-dependency-injection">
      <![CDATA[org.testng.TestNGException: 
Can inject only one of <ITestContext, XmlTest, Method, Object[], ITestResult> into a @BeforeMethod annotated setup.
For more information on native dependency injection please refer to https://testng.org/doc/documentation-main.html#native-dependency-injection
at java.base/java.util.ArrayList.forEach(ArrayList.java:1541)
... Removed 33 stack frames]]>
    </failure>
  </testcase> <!-- @BeforeMethod setup -->
  <testcase classname="com.bdia.tests.BaseTest" name="@AfterMethod teardown" time="0.0">
    <skipped/>
  </testcase> <!-- @AfterMethod teardown -->
  <testcase classname="com.bdia.tests.BaseTest" name="@BeforeMethod setup" time="0.0">
    <skipped/>
  </testcase> <!-- @BeforeMethod setup -->
  <testcase classname="com.bdia.tests.BaseTest" name="@AfterMethod teardown" time="0.0">
    <skipped/>
  </testcase> <!-- @AfterMethod teardown -->
  <testcase classname="com.bdia.tests.BaseTest" name="@BeforeMethod setup" time="0.0">
    <skipped/>
  </testcase> <!-- @BeforeMethod setup -->
  <testcase classname="com.bdia.tests.BaseTest" name="@AfterMethod teardown" time="0.0">
    <skipped/>
  </testcase> <!-- @AfterMethod teardown -->
  <testcase classname="com.bdia.tests.BaseTest" name="@BeforeMethod setup" time="-1.654525130622E9">
    <failure type="org.testng.TestNGException" message="
Can inject only one of &amp;lt;ITestContext, XmlTest, Method, Object[], ITestResult&amp;gt; into a @BeforeMethod annotated setup.
For more information on native dependency injection please refer to https://testng.org/doc/documentation-main.html#native-dependency-injection">
      <![CDATA[org.testng.TestNGException: 
Can inject only one of <ITestContext, XmlTest, Method, Object[], ITestResult> into a @BeforeMethod annotated setup.
For more information on native dependency injection please refer to https://testng.org/doc/documentation-main.html#native-dependency-injection
at java.base/java.util.ArrayList.forEach(ArrayList.java:1541)
... Removed 33 stack frames]]>
    </failure>
  </testcase> <!-- @BeforeMethod setup -->
  <testcase classname="com.bdia.tests.BaseTest" name="@AfterMethod teardown" time="0.0">
    <skipped/>
  </testcase> <!-- @AfterMethod teardown -->
  <testcase classname="com.bdia.tests.BaseTest" name="@BeforeMethod setup" time="0.0">
    <skipped/>
  </testcase> <!-- @BeforeMethod setup -->
  <testcase classname="com.bdia.tests.BaseTest" name="@AfterMethod teardown" time="0.0">
    <skipped/>
  </testcase> <!-- @AfterMethod teardown -->
  <testcase classname="com.bdia.tests.LoginTest" name="successfullLoginES" time="0.0">
    <skipped/>
  </testcase> <!-- successfullLoginES -->
  <testcase classname="com.bdia.tests.LoginTest" name="successfullLoginLU" time="0.0">
    <skipped/>
  </testcase> <!-- successfullLoginLU -->
  <testcase classname="com.bdia.tests.LoginTest" name="successfullLoginPL" time="0.0">
    <skipped/>
  </testcase> <!-- successfullLoginPL -->
  <testcase classname="com.bdia.tests.account.AccountTest" name="verifyIssueWithAppES" time="0.0">
    <skipped/>
  </testcase> <!-- verifyIssueWithAppES -->
  <testcase classname="com.bdia.tests.account.AccountTest" name="verifySettingsLU" time="0.0">
    <skipped/>
  </testcase> <!-- verifySettingsLU -->
</testsuite> <!-- Surefire test -->
