<?xml version="1.0" encoding="UTF-8"?>
<!-- Generated by org.testng.reporters.JUnitXMLReporter -->
<testsuite ignored="0" hostname="MBP-de-bamba" failures="0" tests="3" name="Iphone X" time="263.761" errors="0" timestamp="2022-06-16T17:30:52 CEST">
  <testcase classname="com.bdia.tests.LoginTest" name="successfullLoginES" time="45.34"/>
  <testcase classname="com.bdia.tests.LoginTest" name="successfullLoginLU" time="53.604"/>
  <testcase classname="com.bdia.tests.LoginTest" name="successfullLoginPL" time="51.799"/>
</testsuite> <!-- Iphone X -->
