<?xml version="1.0" encoding="UTF-8"?>
<!-- Generated by org.testng.reporters.JUnitXMLReporter -->
<testsuite ignored="0" hostname="MBP-de-bamba" failures="0" tests="3" name="iPhone 13 mini" time="213.67" errors="0" timestamp="2022-06-16T17:30:02 CEST">
  <testcase classname="com.bdia.tests.LoginTest" name="successfullLoginES" time="38.781"/>
  <testcase classname="com.bdia.tests.LoginTest" name="successfullLoginLU" time="55.504"/>
  <testcase classname="com.bdia.tests.LoginTest" name="successfullLoginPL" time="42.52"/>
</testsuite> <!-- iPhone 13 mini -->
